<?xml version="1.0" encoding="UTF-8"?>
<!-- Generated by org.testng.reporters.JUnitReportReporter -->
<testsuite skipped="0" hostname="WINDOWS-Q5B8OOA" name="BlazeDemoTest" tests="1" failures="0" timestamp="2020-06-08T15:25:43 CEST" time="8.287" errors="0">
  <testcase name="mainTest" time="8.287" classname="BlazeDemoTest"/>
  <system-out>
Welcome to the Simple Travel Agency!  </system-out>
</testsuite> <!-- BlazeDemoTest -->
