<?xml version="1.0" encoding="UTF-8"?>
<!-- Generated by org.testng.reporters.JUnitReportReporter -->
<testsuite skipped="0" hostname="WINDOWS-Q5B8OOA" name="AddressBookTest" tests="4" failures="0" timestamp="2020-06-08T16:16:17 CEST" time="4.291" errors="0">
  <testcase name="registerUserTest" time="1.772" classname="AddressBookTest"/>
  <system-out/>
  <testcase name="logoutUser" time="0.631" classname="AddressBookTest"/>
  <system-out/>
  <testcase name="logoutUser" time="0.499" classname="AddressBookTest"/>
  <system-out/>
  <testcase name="loginRegisteredUser" time="1.389" classname="AddressBookTest"/>
  <system-out/>
</testsuite> <!-- AddressBookTest -->
